[19168:12948:2020-4-2 14:28:0.407] Main Start
[19168:12948:2020-4-2 14:28:0.407] Command line:"C:\Users\Varshith\Desktop\ecommerce\Zoom_784f93f87b403b42.exe"  Instance:0x3D0000 Show State:1
[19168:12948:2020-4-2 14:28:0.439] C:\
[19168:19904:2020-4-2 14:28:0.444] [process_requst] start, url:https://launcher.zoom.us/conf/pui
[19168:12948:2020-4-2 14:28:0.446] [client_has_installed_app] found path:
[19168:12948:2020-4-2 14:28:0.446]  ***NULL-POINTER-PLACEHOLDER***
[19168:12948:2020-4-2 14:28:0.446] [param_query_local_path] path is: C:\Users\Varshith\AppData\Roaming\Zoom\ZoomDownload\ dir create response : 1 system error: 1008
[19168:12948:2020-4-2 14:28:0.447] [downloader_run] State:0
[19168:16624:2020-4-2 14:28:0.447] [process_requst] start, url:https://launcher.zoom.us/upgrade?os=win
[19168:16624:2020-4-2 14:28:2.59] [req_state_read_status_code] zHttpQueryInfo complete, status:200
[19168:16624:2020-4-2 14:28:2.59] [req_state_read_status_code] zHttpQueryInfo complete, status:200 Error: 0
[19168:19904:2020-4-2 14:28:2.74] [req_state_read_status_code] zHttpQueryInfo complete, status:200
[19168:19904:2020-4-2 14:28:2.74] [req_state_read_status_code] zHttpQueryInfo complete, status:200 Error: 0
[19168:19904:2020-4-2 14:28:2.85] [log_response_content] Content length (1048576 as unknown):480 , Total read: 480 , Error No: 0 , Status code: 200
[19168:16624:2020-4-2 14:28:2.85] [log_response_content] Content length (1048576 as unknown):598 , Total read: 598 , Error No: 0 , Status code: 200
[19168:19904:2020-4-2 14:28:2.85] [log_response_content] header:
[19168:16624:2020-4-2 14:28:2.85] [log_response_content] header:
[19168:19904:2020-4-2 14:28:2.85] HTTP/1.1 200 
Date: Thu, 02 Apr 2020 08:58:02 GMT
Content-Type: text/plain;charset=UTF-8
Content-Length: 480
Connection: keep-alive
Server: ZOOM
x-zm-trackingid: WEB_35b63941f6cc6edd46dfb7a8b4e28216
X-Content-Type-Options: nosniff
Content-Security-Policy-Report-Only: default-src blob: 'self'; script-src 'unsafe-eval' 'unsafe-inline' blob: https://*.50million.club https://*.adroll.com https://*.cloudfront.net https://*.google.com https://*.hotjar.com https://*.zoom.us https://*.zoomus.cn https://*.zopim.com https://ad.lkqd.net https://ajax.aspnetcdn.com https://apiurl.org https://appsforoffice.microsoft.com https://assets.zendesk.com https://bat.bing.com https://cdn.5bong.com https://cdn.jsdelivr.net https://cdncache-a.akamaihd.net https://code.jquery.com https://connect.facebook.net https://consent.trustarc.com https://extnetcool.com https://fp166.digitaloptout.com https://googleads.g.doubleclick.net https://intljs.rmtag.com https://pi.pardot.com https://px.ads.linkedin.com https://ruanshi2.8686c.com https://rum-static.pingdom.net https://s.dcbap.com https://s.yimg.com https://s.ytimg.com https://s3.amazonaws.com https://scout-cdn.salesloft.com https://sealserver.trustwave.com https://secure-cdn.mplxtms.com https://secure.myshopcouponmac.com https://snap.licdn.com https://sp.analytics.yahoo.com https://srvvtrk.com https://static.zdassets.com https://static2.sharepointonline.com https://tag.demandbase.com https://tpc.googlesyndication.com https://tracking.g2crowd.com https://translate.googleapis.com https://trk.techtarget.com https://unpkg.com https://www.comeet.co https://www.dropbox.com https://www.google-analytics.com https://www.googleadservices.com https://www.googletagmanager.com https://www.gstatic.com https://www.youtube.com https://d.adroll.mgr.consensu.org https://serve2.cheqzone.com https://*.ada.support 'self'; img-src https: blob: data: 'self'; style-src https: 'unsafe-inline' 'self'; font-src https: data: 'self'; connect-src * data: 'self'; media-src * blob: 'self'; frame-src https: ms-appx-web: zoommtg: zoomus: 'self'
Set-Cookie: zm_aid=""; Domain=.zoom.us; Expires=Thu, 01-Jan-1970 00:00:10 GMT; Path=/; Secure; HttpOnly
Set-Cookie: zm_haid=""; Domain=.zoom.us; Expires=Thu, 01-Jan-1970 00:00:10 GMT; Path=/; Secure; HttpOnly
Set-Cookie: cred=CF1E37B0E29E2D3AD553D58FB52677A7; Path=/; Secure; HttpOnly
Set-Cookie: _zm_page_auth=aw1_c_3aRmGRUlTianFNP6iNGz8A; Domain=.zoom.us; Path=/; Secure; HttpOnly
p3p: CP="NOI ADM DEV PSAi COM NAV OUR OTR STP IND DEM"
Set-Cookie: _zm_ssid=aw1_c_nDMiYWxrSGemRlgSocDqVQ; Domain=.zoom.us; Path=/; Secure; HttpOnly
Set-Cookie: _zm_ctaid=v5WylPvOQNaYR0MKPbTHvA.1585817882182.02f4a9c12488f742dabecf3a220d8388; Domain=.zoom.us; Expires=Thu, 02-Apr-2020 10:58:02 GMT; Path=/; Secure; HttpOnly
Set-Cookie: _zm_chtaid=952; Domain=.zoom.us; Expires=Thu, 02-Apr-2020 10:58:02 GMT; Path=/; Secure; HttpOnly
Cache-Control: no-cache, no-store
Expires: Thu, 01 Jan 1970 00:00:00 GMT
Pragma: no-cache
Strict-Transport-Security: max-age=31536000
X-XSS-Protection: 1; mode=block
Referrer-Policy: strict-origin-when-cross-origin


[19168:16624:2020-4-2 14:28:2.85] HTTP/1.1 200 
Date: Thu, 02 Apr 2020 08:58:02 GMT
Content-Type: text/plain;charset=UTF-8
Content-Length: 598
Connection: keep-alive
Server: ZOOM
x-zm-trackingid: WEB_3445d13458c166270e021b7224e21dad
X-Content-Type-Options: nosniff
Content-Security-Policy-Report-Only: default-src blob: 'self'; script-src 'unsafe-eval' 'unsafe-inline' blob: https://*.50million.club https://*.adroll.com https://*.cloudfront.net https://*.google.com https://*.hotjar.com https://*.zoom.us https://*.zoomus.cn https://*.zopim.com https://ad.lkqd.net https://ajax.aspnetcdn.com https://apiurl.org https://appsforoffice.microsoft.com https://assets.zendesk.com https://bat.bing.com https://cdn.5bong.com https://cdn.jsdelivr.net https://cdncache-a.akamaihd.net https://code.jquery.com https://connect.facebook.net https://consent.trustarc.com https://extnetcool.com https://fp166.digitaloptout.com https://googleads.g.doubleclick.net https://intljs.rmtag.com https://pi.pardot.com https://px.ads.linkedin.com https://ruanshi2.8686c.com https://rum-static.pingdom.net https://s.dcbap.com https://s.yimg.com https://s.ytimg.com https://s3.amazonaws.com https://scout-cdn.salesloft.com https://sealserver.trustwave.com https://secure-cdn.mplxtms.com https://secure.myshopcouponmac.com https://snap.licdn.com https://sp.analytics.yahoo.com https://srvvtrk.com https://static.zdassets.com https://static2.sharepointonline.com https://tag.demandbase.com https://tpc.googlesyndication.com https://tracking.g2crowd.com https://translate.googleapis.com https://trk.techtarget.com https://unpkg.com https://www.comeet.co https://www.dropbox.com https://www.google-analytics.com https://www.googleadservices.com https://www.googletagmanager.com https://www.gstatic.com https://www.youtube.com https://d.adroll.mgr.consensu.org https://serve2.cheqzone.com https://*.ada.support 'self'; img-src https: blob: data: 'self'; style-src https: 'unsafe-inline' 'self'; font-src https: data: 'self'; connect-src * data: 'self'; media-src * blob: 'self'; frame-src https: ms-appx-web: zoommtg: zoomus: 'self'
Set-Cookie: zm_aid=""; Domain=.zoom.us; Expires=Thu, 01-Jan-1970 00:00:10 GMT; Path=/; Secure; HttpOnly
Set-Cookie: zm_haid=""; Domain=.zoom.us; Expires=Thu, 01-Jan-1970 00:00:10 GMT; Path=/; Secure; HttpOnly
Set-Cookie: cred=E86870CF9D883BFDEE9E3CF3A028934D; Path=/; Secure; HttpOnly
Set-Cookie: _zm_page_auth=aw1_c_NrcoldrBQSG-pHsowoOHXw; Domain=.zoom.us; Path=/; Secure; HttpOnly
p3p: CP="NOI ADM DEV PSAi COM NAV OUR OTR STP IND DEM"
Set-Cookie: _zm_ssid=aw1_c_feaw1mVxRBmbCou_22R7OQ; Domain=.zoom.us; Path=/; Secure; HttpOnly
Set-Cookie: _zm_ctaid=fl27NiqZQ9G-T6fy2uUhqw.1585817882197.f6f5d02773373a0000356d767774ad61; Domain=.zoom.us; Expires=Thu, 02-Apr-2020 10:58:02 GMT; Path=/; Secure; HttpOnly
Set-Cookie: _zm_chtaid=802; Domain=.zoom.us; Expires=Thu, 02-Apr-2020 10:58:02 GMT; Path=/; Secure; HttpOnly
Strict-Transport-Security: max-age=31536000
X-XSS-Protection: 1; mode=block
Referrer-Policy: strict-origin-when-cross-origin


[19168:16624:2020-4-2 14:28:2.86] [process_requst] End for url:https://launcher.zoom.us/upgrade?os=win, return code:200, Error:0, Response content size:598
[19168:19904:2020-4-2 14:28:2.86] [process_requst] End for url:https://launcher.zoom.us/conf/pui, return code:200, Error:0, Response content size:480
[19168:12948:2020-4-2 14:28:2.119] [handle_download_job_done] Index: 0 Curr index: 0 StatusCode: 200 Error: 0 Response: 
[19168:12948:2020-4-2 14:28:2.119] Check-sum=b9540e97b22481189d7ff67f50b118e4;VCRed-sum=5689d43c3b201dd3810fa3bba4a6476a;fullmsi-sum=c10ad846e1e0380574c35feeaca2d16b;fullcab-sum=93dda437e224137c7474e123c2f45ce0;fullsip-sum=b700b7e44a4ae93da6b556bef47f427c;Installer-sum=91fe7a87fbcfda520a45cfedc88d4bab;Update-Option=1;Current-version=4.6.19178.0323;Download-root=https://launcher.zoom.us/client;Package-url=https://launcher.zoom.us/client/4.6.19178.0323/Zoom.msi?t=atupg;Package-name=Zoom.msi;Installer-name=Installer.exe;ahcab-name=Airhost.CAB;sipcab-name=Sipcall.CAB;codesnippet-name=codesnippet_win.zip;fullcab-name=ZoomFull.CAB;
[19168:16624:2020-4-2 14:28:2.134] [process_requst] start, url:https://launcher.zoom.us/client/4.6.19178.0323/Installer.exe?t=atupg
[19168:12948:2020-4-2 14:28:2.134] [client_has_installed_app] found path:
[19168:12948:2020-4-2 14:28:2.134]  ***NULL-POINTER-PLACEHOLDER***
[19168:16624:2020-4-2 14:28:4.109] [req_state_read_status_code] zHttpQueryInfo complete, status:200
[19168:16624:2020-4-2 14:28:4.109] [req_state_read_status_code] zHttpQueryInfo complete, status:200 Error: 0
[19168:16624:2020-4-2 14:28:4.975] [read_response_file] Status Code:200, content length: 626520, total read: 626520, error code: 0
[19168:16624:2020-4-2 14:28:5.61] [process_requst] End for url:https://launcher.zoom.us/client/4.6.19178.0323/Installer.exe?t=atupg, return code:200, Error:0, Response content size:0
[19168:12948:2020-4-2 14:28:5.118] [handle_download_job_done] Index: 1 Curr index: 1 StatusCode: 200 Error: 0 Response is Empty. 
[19168:16624:2020-4-2 14:28:5.180] [process_requst] start, url:https://launcher.zoom.us/client/4.6.19178.0323/Zoom.msi?t=atupg
[19168:16624:2020-4-2 14:28:6.575] [req_state_read_status_code] zHttpQueryInfo complete, status:200
[19168:16624:2020-4-2 14:28:6.575] [req_state_read_status_code] zHttpQueryInfo complete, status:200 Error: 0
[19168:16624:2020-4-2 14:28:17.820] [read_response_file] Status Code:200, content length: 10894189, total read: 10894189, error code: 0
[19168:16624:2020-4-2 14:28:17.974] [process_requst] End for url:https://launcher.zoom.us/client/4.6.19178.0323/Zoom.msi?t=atupg, return code:200, Error:0, Response content size:0
[19168:12948:2020-4-2 14:28:17.993] [handle_download_job_done] Index: 2 Curr index: 2 StatusCode: 200 Error: 0 Response is Empty. 
[19168:12948:2020-4-2 14:28:18.0] C:\Users\Varshith\AppData\Roaming\Zoom\ZoomDownload\Installer.exe
[19168:12948:2020-4-2 14:28:18.0] ZInstaller --conf.mode=silent --ipc_wnd=50072142
[19168:12948:2020-4-2 14:28:20.216] [launch_silent_install] Installer process created, result:42
[19168:12948:2020-4-2 14:29:41.985] C:\Users\Varshith\AppData\Roaming\Zoom\bin\Zoom.exe
[19168:12948:2020-4-2 14:29:41.992] client_launch_app: 
[19168:12948:2020-4-2 14:29:41.992] C:\Users\Varshith\AppData\Roaming\Zoom\bin\Zoom.exe
[19168:12948:2020-4-2 14:29:41.992] "--url=zoommtg://win.launch?action=join&browser=chrome&confid=dXNzPTU1MzVkN2I5Lm9xQmxNR3lKZXdONTdLUTFyYjByTDJFNEJsd2g5YWk3Z21rbHpaTVRPUWtxX0lhREppYUtwNHQtZWVIN05tWlU3SHF1VVJLSk9RZnlUblpuYnpXVWlBJTNEJTNEJnRpZD0zYzExZjM3YWRlNWU0M2UzYmJmNGFmY2I2YzViMGRmYg%3D%3D&confno=317082355&mcv=0.92.11227.0929&zc=0&pwd=bVJnbjN6Njk2YXBqNVJ0c0VuVFNMQT09"
[19168:12948:2020-4-2 14:29:42.33] [client_launch_app] Zoom app process created, result:42
[19168:12948:2020-4-2 14:29:42.221] Main End
